mode: set
github.com/gregnazario/decibel-sdks/sdk-go/utils/address.go:14.69,19.2 4 1
github.com/gregnazario/decibel-sdks/sdk-go/utils/address.go:22.100,27.2 4 1
github.com/gregnazario/decibel-sdks/sdk-go/utils/address.go:30.55,34.2 3 1
github.com/gregnazario/decibel-sdks/sdk-go/utils/address.go:37.63,40.17 3 1
github.com/gregnazario/decibel-sdks/sdk-go/utils/address.go:40.17,42.3 1 0
github.com/gregnazario/decibel-sdks/sdk-go/utils/address.go:43.2,52.15 8 1
github.com/gregnazario/decibel-sdks/sdk-go/utils/address.go:56.42,60.6 4 1
github.com/gregnazario/decibel-sdks/sdk-go/utils/address.go:60.6,63.17 3 1
github.com/gregnazario/decibel-sdks/sdk-go/utils/address.go:63.17,65.4 1 0
github.com/gregnazario/decibel-sdks/sdk-go/utils/address.go:66.3,67.18 2 1
github.com/gregnazario/decibel-sdks/sdk-go/utils/address.go:67.18,68.9 1 1
github.com/gregnazario/decibel-sdks/sdk-go/utils/address.go:71.2,72.15 2 1
github.com/gregnazario/decibel-sdks/sdk-go/utils/address.go:76.39,78.26 2 1
github.com/gregnazario/decibel-sdks/sdk-go/utils/address.go:78.26,80.3 1 0
github.com/gregnazario/decibel-sdks/sdk-go/utils/address.go:81.2,82.14 2 1
github.com/gregnazario/decibel-sdks/sdk-go/utils/address.go:85.38,87.2 1 1
github.com/gregnazario/decibel-sdks/sdk-go/utils/address.go:90.95,91.19 1 1
github.com/gregnazario/decibel-sdks/sdk-go/utils/address.go:91.19,93.3 1 1
github.com/gregnazario/decibel-sdks/sdk-go/utils/address.go:94.2,96.13 3 1
github.com/gregnazario/decibel-sdks/sdk-go/utils/address.go:96.13,98.3 1 1
github.com/gregnazario/decibel-sdks/sdk-go/utils/address.go:98.8,100.3 1 1
github.com/gregnazario/decibel-sdks/sdk-go/utils/address.go:101.2,101.32 1 1
github.com/gregnazario/decibel-sdks/sdk-go/utils/address.go:105.51,107.2 1 1
github.com/gregnazario/decibel-sdks/sdk-go/utils/address.go:110.95,111.31 1 1
github.com/gregnazario/decibel-sdks/sdk-go/utils/address.go:111.31,113.10 2 1
github.com/gregnazario/decibel-sdks/sdk-go/utils/address.go:113.10,114.12 1 0
github.com/gregnazario/decibel-sdks/sdk-go/utils/address.go:116.3,116.64 1 1
github.com/gregnazario/decibel-sdks/sdk-go/utils/address.go:116.64,118.11 2 1
github.com/gregnazario/decibel-sdks/sdk-go/utils/address.go:118.11,119.13 1 0
github.com/gregnazario/decibel-sdks/sdk-go/utils/address.go:121.4,122.11 2 1
github.com/gregnazario/decibel-sdks/sdk-go/utils/address.go:122.11,123.13 1 0
github.com/gregnazario/decibel-sdks/sdk-go/utils/address.go:125.4,125.30 1 1
github.com/gregnazario/decibel-sdks/sdk-go/utils/address.go:125.30,126.53 1 1
github.com/gregnazario/decibel-sdks/sdk-go/utils/address.go:126.53,128.6 1 1
github.com/gregnazario/decibel-sdks/sdk-go/utils/address.go:132.2,132.12 1 1
github.com/gregnazario/decibel-sdks/sdk-go/models/common.go:53.53,54.11 1 1
github.com/gregnazario/decibel-sdks/sdk-go/models/common.go:55.22,56.33 1 1
github.com/gregnazario/decibel-sdks/sdk-go/models/common.go:57.16,58.27 1 1
github.com/gregnazario/decibel-sdks/sdk-go/models/common.go:59.31,60.30 1 1
github.com/gregnazario/decibel-sdks/sdk-go/models/common.go:61.18,62.29 1 1
github.com/gregnazario/decibel-sdks/sdk-go/models/common.go:63.10,64.28 1 1
github.com/gregnazario/decibel-sdks/sdk-go/models/common.go:69.43,71.2 1 1
github.com/gregnazario/decibel-sdks/sdk-go/models/common.go:74.43,76.2 1 1
github.com/gregnazario/decibel-sdks/sdk-go/models/common.go:79.41,81.2 1 1
github.com/gregnazario/decibel-sdks/sdk-go/models/common.go:132.57,134.2 1 1
github.com/gregnazario/decibel-sdks/sdk-go/config.go:45.42,46.25 1 1
github.com/gregnazario/decibel-sdks/sdk-go/config.go:46.25,48.3 1 1
github.com/gregnazario/decibel-sdks/sdk-go/config.go:49.2,49.28 1 1
github.com/gregnazario/decibel-sdks/sdk-go/config.go:49.28,51.3 1 1
github.com/gregnazario/decibel-sdks/sdk-go/config.go:52.2,52.26 1 1
github.com/gregnazario/decibel-sdks/sdk-go/config.go:52.26,54.3 1 1
github.com/gregnazario/decibel-sdks/sdk-go/config.go:55.2,55.32 1 1
github.com/gregnazario/decibel-sdks/sdk-go/config.go:55.32,57.3 1 1
github.com/gregnazario/decibel-sdks/sdk-go/config.go:58.2,58.12 1 1
github.com/gregnazario/decibel-sdks/sdk-go/config.go:63.31,63.44 1 1
github.com/gregnazario/decibel-sdks/sdk-go/config.go:66.36,80.2 1 1
github.com/gregnazario/decibel-sdks/sdk-go/config.go:83.36,94.2 1 1
github.com/gregnazario/decibel-sdks/sdk-go/config.go:97.34,108.2 1 1
github.com/gregnazario/decibel-sdks/sdk-go/config.go:111.54,112.14 1 1
github.com/gregnazario/decibel-sdks/sdk-go/config.go:113.17,115.18 2 1
github.com/gregnazario/decibel-sdks/sdk-go/config.go:116.17,118.18 2 1
github.com/gregnazario/decibel-sdks/sdk-go/config.go:119.15,121.18 2 1
github.com/gregnazario/decibel-sdks/sdk-go/config.go:122.10,123.20 1 1
github.com/gregnazario/decibel-sdks/sdk-go/errors.go:29.39,30.20 1 1
github.com/gregnazario/decibel-sdks/sdk-go/errors.go:30.20,32.3 1 1
github.com/gregnazario/decibel-sdks/sdk-go/errors.go:33.2,33.55 1 1
github.com/gregnazario/decibel-sdks/sdk-go/errors.go:36.39,36.57 1 1
github.com/gregnazario/decibel-sdks/sdk-go/errors.go:45.35,47.2 1 1
github.com/gregnazario/decibel-sdks/sdk-go/errors.go:56.43,58.2 1 1
github.com/gregnazario/decibel-sdks/sdk-go/errors.go:61.74,63.2 1 1
